<?xml version="1.0" encoding="UTF-8"?>
<!-- Generated by org.testng.reporters.JUnitReportReporter -->
<testsuite hostname="DESKTOP-URPPT5A" name="com.apilearning.apilearning.Weatherscript2" tests="2" failures="0" timestamp="17 May 2018 10:37:53 GMT" time="3.813" errors="0">
  <testcase name="Test_04" time="1.448" classname="com.apilearning.apilearning.Weatherscript2"/>
  <testcase name="Test_03" time="2.365" classname="com.apilearning.apilearning.Weatherscript2"/>
</testsuite> <!-- com.apilearning.apilearning.Weatherscript2 -->
