<?xml version="1.0" encoding="UTF-8"?>
<!-- Generated by org.testng.reporters.JUnitReportReporter -->
<testsuite hostname="DESKTOP-URPPT5A" name="com.apilearning.apilearning.Weatherapijson" tests="1" failures="0" timestamp="23 May 2018 11:12:05 GMT" time="2.600" errors="0">
  <testcase name="StdJsonparsing" time="2.600" classname="com.apilearning.apilearning.Weatherapijson"/>
</testsuite> <!-- com.apilearning.apilearning.Weatherapijson -->
